<?xml version="1.0" encoding="UTF-8"?>
<!-- Generated by org.testng.reporters.JUnitReportReporter -->
<testsuite hostname="abdulraheemPC" failures="0" tests="4" name="myTestcase" time="0.219" errors="0" timestamp="2025-09-17T21:18:37 EET" skipped="0">
  <testcase classname="myTestcase" name="AddNewRecord" time="0.012"/>
  <testcase classname="myTestcase" name="updateData" time="0.005"/>
  <testcase classname="myTestcase" name="ReadData" time="0.199"/>
  <testcase classname="myTestcase" name="deleteData" time="0.003"/>
</testsuite> <!-- myTestcase -->
